This is pdfTeX, Version 3.141592653-2.6-1.40.22 (TeX Live 2021/W32TeX) (preloaded format=pdflatex 2021.6.9)  17 JUN 2021 09:35
entering extended mode
 restricted \write18 enabled.
 %&-line parsing enabled.
**implementationofareal-timesemanticretrievalsystem.tex
(./implementationofareal-timesemanticretrievalsystem.tex
LaTeX2e <2021-06-01>
L3 programming layer <2021-06-01> (./sphinxmanual.cls
Document Class: sphinxmanual 2019/12/01 v2.3.0 Document class (Sphinx manual)
(c:/texlive/2021/texmf-dist/tex/latex/base/report.cls
Document Class: report 2021/02/12 v1.4n Standard LaTeX document class
(c:/texlive/2021/texmf-dist/tex/latex/base/size10.clo
File: size10.clo 2021/02/12 v1.4n Standard LaTeX file (size option)
)
\c@part=\count182
\c@chapter=\count183
\c@section=\count184
\c@subsection=\count185
\c@subsubsection=\count186
\c@paragraph=\count187
\c@subparagraph=\count188
\c@figure=\count189
\c@table=\count190
\abovecaptionskip=\skip47
\belowcaptionskip=\skip48
\bibindent=\dimen138
)
LaTeX Info: Redefining \and on input line 35.
)
(c:/texlive/2021/texmf-dist/tex/latex/base/inputenc.sty
Package: inputenc 2021/02/14 v1.3d Input encoding file
\inpenc@prehook=\toks16
\inpenc@posthook=\toks17
)
   defining Unicode char U+00A0 (decimal 160)
   defining Unicode char U+2500 (decimal 9472)
   defining Unicode char U+2502 (decimal 9474)
   defining Unicode char U+2514 (decimal 9492)
   defining Unicode char U+251C (decimal 9500)
   defining Unicode char U+2572 (decimal 9586)

(c:/texlive/2021/texmf-dist/tex/latex/cmap/cmap.sty
Package: cmap 2021/02/06 v1.0j CMap support: searchable PDF
)
(c:/texlive/2021/texmf-dist/tex/latex/base/fontenc.sty
Package: fontenc 2021/04/29 v2.0v Standard LaTeX package
<<t1.cmap>>)
(c:/texlive/2021/texmf-dist/tex/latex/amsmath/amsmath.sty
Package: amsmath 2021/04/20 v2.17j AMS math features
\@mathmargin=\skip49

For additional information on amsmath, use the `?' option.
(c:/texlive/2021/texmf-dist/tex/latex/amsmath/amstext.sty
Package: amstext 2000/06/29 v2.01 AMS text

(c:/texlive/2021/texmf-dist/tex/latex/amsmath/amsgen.sty
File: amsgen.sty 1999/11/30 v2.0 generic functions
\@emptytoks=\toks18
\ex@=\dimen139
))
(c:/texlive/2021/texmf-dist/tex/latex/amsmath/amsbsy.sty
Package: amsbsy 1999/11/29 v1.2d Bold Symbols
\pmbraise@=\dimen140
)
(c:/texlive/2021/texmf-dist/tex/latex/amsmath/amsopn.sty
Package: amsopn 2016/03/08 v2.02 operator names
)
\inf@bad=\count191
LaTeX Info: Redefining \frac on input line 234.
\uproot@=\count192
\leftroot@=\count193
LaTeX Info: Redefining \overline on input line 399.
\classnum@=\count194
\DOTSCASE@=\count195
LaTeX Info: Redefining \ldots on input line 496.
LaTeX Info: Redefining \dots on input line 499.
LaTeX Info: Redefining \cdots on input line 620.
\Mathstrutbox@=\box50
\strutbox@=\box51
\big@size=\dimen141
LaTeX Font Info:    Redeclaring font encoding OML on input line 743.
LaTeX Font Info:    Redeclaring font encoding OMS on input line 744.
\macc@depth=\count196
\c@MaxMatrixCols=\count197
\dotsspace@=\muskip16
\c@parentequation=\count198
\dspbrk@lvl=\count199
\tag@help=\toks19
\row@=\count266
\column@=\count267
\maxfields@=\count268
\andhelp@=\toks20
\eqnshift@=\dimen142
\alignsep@=\dimen143
\tagshift@=\dimen144
\tagwidth@=\dimen145
\totwidth@=\dimen146
\lineht@=\dimen147
\@envbody=\toks21
\multlinegap=\skip50
\multlinetaggap=\skip51
\mathdisplay@stack=\toks22
LaTeX Info: Redefining \[ on input line 2923.
LaTeX Info: Redefining \] on input line 2924.
)
(c:/texlive/2021/texmf-dist/tex/latex/amsfonts/amssymb.sty
Package: amssymb 2013/01/14 v3.01 AMS font symbols

(c:/texlive/2021/texmf-dist/tex/latex/amsfonts/amsfonts.sty
Package: amsfonts 2013/01/14 v3.01 Basic AMSFonts support
\symAMSa=\mathgroup4
\symAMSb=\mathgroup5
LaTeX Font Info:    Redeclaring math symbol \hbar on input line 98.
LaTeX Font Info:    Overwriting math alphabet `\mathfrak' in version `bold'
(Font)                  U/euf/m/n --> U/euf/b/n on input line 106.
))
(c:/texlive/2021/texmf-dist/tex/generic/babel/babel.sty
Package: babel 2021/06/02 3.60 The Babel package

(c:/texlive/2021/texmf-dist/tex/generic/babel/babel.def
File: babel.def 2021/06/02 3.60 Babel common definitions
\babel@savecnt=\count269
\U@D=\dimen148
\l@unhyphenated=\language87

(c:/texlive/2021/texmf-dist/tex/generic/babel/txtbabel.def)
\bbl@readstream=\read2
)
\bbl@dirlevel=\count270

(c:/texlive/2021/texmf-dist/tex/generic/babel-english/english.ldf
Language: english 2017/06/06 v3.3r English support from the babel system
Package babel Info: Hyphen rules for 'canadian' set to \l@english
(babel)             (\language0). Reported on input line 102.
Package babel Info: Hyphen rules for 'australian' set to \l@ukenglish
(babel)             (\language21). Reported on input line 105.
Package babel Info: Hyphen rules for 'newzealand' set to \l@ukenglish
(babel)             (\language21). Reported on input line 108.
))
(c:/texlive/2021/texmf-dist/tex/latex/psnfss/times.sty
Package: times 2020/03/25 PSNFSS-v9.3 (SPQR) 
)
(c:/texlive/2021/texmf-dist/tex/latex/fncychap/fncychap.sty
Package: fncychap 2007/07/30 v1.34 LaTeX package (Revised chapters)
\RW=\skip52
\mylen=\skip53
\myhi=\skip54
\px=\skip55
\py=\skip56
\pyy=\skip57
\pxx=\skip58
\c@AlphaCnt=\count271
\c@AlphaDecCnt=\count272
) (./sphinx.sty
Package: sphinx 2019/09/02 v2.3.0 LaTeX package (Sphinx markup)

(c:/texlive/2021/texmf-dist/tex/generic/ltxcmds/ltxcmds.sty
Package: ltxcmds 2020-05-10 v1.25 LaTeX kernel commands for general use (HO)
)
(c:/texlive/2021/texmf-dist/tex/latex/graphics/graphicx.sty
Package: graphicx 2020/12/05 v1.2c Enhanced LaTeX Graphics (DPC,SPQR)

(c:/texlive/2021/texmf-dist/tex/latex/graphics/keyval.sty
Package: keyval 2014/10/28 v1.15 key=value parser (DPC)
\KV@toks@=\toks23
)
(c:/texlive/2021/texmf-dist/tex/latex/graphics/graphics.sty
Package: graphics 2021/03/04 v1.4d Standard LaTeX Graphics (DPC,SPQR)

(c:/texlive/2021/texmf-dist/tex/latex/graphics/trig.sty
Package: trig 2016/01/03 v1.10 sin cos tan (DPC)
)
(c:/texlive/2021/texmf-dist/tex/latex/graphics-cfg/graphics.cfg
File: graphics.cfg 2016/06/04 v1.11 sample graphics configuration
)
Package graphics Info: Driver file: pdftex.def on input line 107.

(c:/texlive/2021/texmf-dist/tex/latex/graphics-def/pdftex.def
File: pdftex.def 2020/10/05 v1.2a Graphics/color driver for pdftex
))
\Gin@req@height=\dimen149
\Gin@req@width=\dimen150
)
(c:/texlive/2021/texmf-dist/tex/latex/fancyhdr/fancyhdr.sty
Package: fancyhdr 2021/01/28 v4.0.1 Extensive control of page headers and foote
rs
\f@nch@headwidth=\skip59
\f@nch@O@elh=\skip60
\f@nch@O@erh=\skip61
\f@nch@O@olh=\skip62
\f@nch@O@orh=\skip63
\f@nch@O@elf=\skip64
\f@nch@O@erf=\skip65
\f@nch@O@olf=\skip66
\f@nch@O@orf=\skip67
)
(c:/texlive/2021/texmf-dist/tex/latex/base/textcomp.sty
Package: textcomp 2020/02/02 v2.0n Standard LaTeX package
)
(c:/texlive/2021/texmf-dist/tex/latex/titlesec/titlesec.sty
Package: titlesec 2019/10/16 v2.13 Sectioning titles
\ttl@box=\box52
\beforetitleunit=\skip68
\aftertitleunit=\skip69
\ttl@plus=\dimen151
\ttl@minus=\dimen152
\ttl@toksa=\toks24
\titlewidth=\dimen153
\titlewidthlast=\dimen154
\titlewidthfirst=\dimen155
)
(c:/texlive/2021/texmf-dist/tex/latex/tabulary/tabulary.sty
Package: tabulary 2014/06/11 v0.10 tabulary package (DPC)

(c:/texlive/2021/texmf-dist/tex/latex/tools/array.sty
Package: array 2021/04/20 v2.5e Tabular extension package (FMi)
\col@sep=\dimen156
\ar@mcellbox=\box53
\extrarowheight=\dimen157
\NC@list=\toks25
\extratabsurround=\skip70
\backup@length=\skip71
\ar@cellbox=\box54
)
\TY@count=\count273
\TY@linewidth=\dimen158
\tymin=\dimen159
\tymax=\dimen160
\TY@tablewidth=\dimen161
)
(c:/texlive/2021/texmf-dist/tex/latex/tools/longtable.sty
Package: longtable 2021-05-07 v4.16 Multi-page Table package (DPC)
\LTleft=\skip72
\LTright=\skip73
\LTpre=\skip74
\LTpost=\skip75
\LTchunksize=\count274
\LTcapwidth=\dimen162
\LT@head=\box55
\LT@firsthead=\box56
\LT@foot=\box57
\LT@lastfoot=\box58
\LT@gbox=\box59
\LT@cols=\count275
\LT@rows=\count276
\c@LT@tables=\count277
\c@LT@chunks=\count278
\LT@p@ftn=\toks26
)
(c:/texlive/2021/texmf-dist/tex/latex/varwidth/varwidth.sty
Package: varwidth 2009/03/30 ver 0.92;  Variable-width minipages
\@vwid@box=\box60
\sift@deathcycles=\count279
\@vwid@loff=\dimen163
\@vwid@roff=\dimen164
)
(./sphinxmulticell.sty
Package: sphinxmulticell 2017/02/23 v1.6 better span rows and columns of a tabl
e (Sphinx team)
\sphinx@TY@tablewidth=\dimen165
) (c:/texlive/2021/texmf-dist/tex/latex/base/makeidx.sty
Package: makeidx 2014/09/29 v1.0m Standard LaTeX package
) (c:/texlive/2021/texmf-dist/tex/latex/framed/framed.sty
Package: framed 2011/10/22 v 0.96: framed or shaded text with page breaks
\OuterFrameSep=\skip76
\fb@frw=\dimen166
\fb@frh=\dimen167
\FrameRule=\dimen168
\FrameSep=\dimen169
)
(c:/texlive/2021/texmf-dist/tex/latex/xcolor/xcolor.sty
Package: xcolor 2016/05/11 v2.12 LaTeX color extensions (UK)

(c:/texlive/2021/texmf-dist/tex/latex/graphics-cfg/color.cfg
File: color.cfg 2016/01/02 v1.6 sample color configuration
)
Package xcolor Info: Driver file: pdftex.def on input line 225.
Package xcolor Info: Model `cmy' substituted by `cmy0' on input line 1348.
Package xcolor Info: Model `hsb' substituted by `rgb' on input line 1352.
Package xcolor Info: Model `RGB' extended on input line 1364.
Package xcolor Info: Model `HTML' substituted by `rgb' on input line 1366.
Package xcolor Info: Model `Hsb' substituted by `hsb' on input line 1367.
Package xcolor Info: Model `tHsb' substituted by `hsb' on input line 1368.
Package xcolor Info: Model `HSB' substituted by `hsb' on input line 1369.
Package xcolor Info: Model `Gray' substituted by `gray' on input line 1370.
Package xcolor Info: Model `wave' substituted by `hsb' on input line 1371.
)
(c:/texlive/2021/texmf-dist/tex/latex/fancyvrb/fancyvrb.sty
Package: fancyvrb 2021/01/20 v3.7 verbatim text (tvz,hv)
\FV@CodeLineNo=\count280
\FV@InFile=\read3
\FV@TabBox=\box61
\c@FancyVerbLine=\count281
\FV@StepNumber=\count282
\FV@OutFile=\write3
)
(./footnotehyper-sphinx.sty
Package: footnotehyper-sphinx 2017/10/27 v1.7 hyperref aware footnote.sty for s
phinx (JFB)
\FNH@notes=\box62
\FNH@width=\dimen170
)
(c:/texlive/2021/texmf-dist/tex/latex/float/float.sty
Package: float 2001/11/08 v1.3d Float enhancements (AL)
\c@float@type=\count283
\float@exts=\toks27
\float@box=\box63
\@float@everytoks=\toks28
\@floatcapt=\box64
)
(c:/texlive/2021/texmf-dist/tex/latex/wrapfig/wrapfig.sty
\wrapoverhang=\dimen171
\WF@size=\dimen172
\c@WF@wrappedlines=\count284
\WF@box=\box65
\WF@everypar=\toks29
Package: wrapfig 2003/01/31  v 3.6
)
(c:/texlive/2021/texmf-dist/tex/latex/parskip/parskip.sty
Rollback for package 'parskip' requested -> version 'v1'.
         This corresponds to the release introduced on 2001-04-09.

(c:/texlive/2021/texmf-dist/tex/latex/parskip/parskip-2001-04-09.sty
Package: parskip 2001/04/09 non-zero parskip adjustments
))
(c:/texlive/2021/texmf-dist/tex/latex/base/alltt.sty
Package: alltt 2021/01/29 v2.0g defines alltt environment
)
(c:/texlive/2021/texmf-dist/tex/latex/upquote/upquote.sty
Package: upquote 2012/04/19 v1.3 upright-quote and grave-accent glyphs in verba
tim
)
(c:/texlive/2021/texmf-dist/tex/latex/capt-of/capt-of.sty
Package: capt-of 2009/12/29 v0.2 standard captions outside of floats
)
(c:/texlive/2021/texmf-dist/tex/latex/needspace/needspace.sty
Package: needspace 2010/09/12 v1.3d reserve vertical space
)
(./sphinxhighlight.sty
Package: sphinxhighlight 2016/05/29 stylesheet for highlighting with pygments
)
(c:/texlive/2021/texmf-dist/tex/latex/kvoptions/kvoptions.sty
Package: kvoptions 2020-10-07 v3.14 Key value format for package options (HO)

(c:/texlive/2021/texmf-dist/tex/generic/kvsetkeys/kvsetkeys.sty
Package: kvsetkeys 2019/12/15 v1.18 Key value parser (HO)
))
\sphinxverbatimsep=\dimen173
\sphinxverbatimborder=\dimen174
\sphinxshadowsep=\dimen175
\sphinxshadowsize=\dimen176
\sphinxshadowrule=\dimen177
\spx@notice@border=\dimen178
\spx@image@maxheight=\dimen179
\spx@image@box=\dimen180
\c@literalblock=\count285
\sphinxcontinuationbox=\box66
\sphinxvisiblespacebox=\box67
\sphinxVerbatim@TitleBox=\box68
\sphinxVerbatim@ContentsBox=\box69
\py@argswidth=\skip77
\lineblockindentation=\skip78
\DUlineblockindent=\skip79
)
(c:/texlive/2021/texmf-dist/tex/latex/geometry/geometry.sty
Package: geometry 2020/01/02 v5.9 Page Geometry

(c:/texlive/2021/texmf-dist/tex/generic/iftex/ifvtex.sty
Package: ifvtex 2019/10/25 v1.7 ifvtex legacy package. Use iftex instead.

(c:/texlive/2021/texmf-dist/tex/generic/iftex/iftex.sty
Package: iftex 2020/03/06 v1.0d TeX engine tests
))
\Gm@cnth=\count286
\Gm@cntv=\count287
\c@Gm@tempcnt=\count288
\Gm@bindingoffset=\dimen181
\Gm@wd@mp=\dimen182
\Gm@odd@mp=\dimen183
\Gm@even@mp=\dimen184
\Gm@layoutwidth=\dimen185
\Gm@layoutheight=\dimen186
\Gm@layouthoffset=\dimen187
\Gm@layoutvoffset=\dimen188
\Gm@dimlist=\toks30
)
(c:/texlive/2021/texmf-dist/tex/latex/hyperref/hyperref.sty
Package: hyperref 2021-06-07 v7.00m Hypertext links for LaTeX

(c:/texlive/2021/texmf-dist/tex/generic/pdftexcmds/pdftexcmds.sty
Package: pdftexcmds 2020-06-27 v0.33 Utility functions of pdfTeX for LuaTeX (HO
)

(c:/texlive/2021/texmf-dist/tex/generic/infwarerr/infwarerr.sty
Package: infwarerr 2019/12/03 v1.5 Providing info/warning/error messages (HO)
)
Package pdftexcmds Info: \pdf@primitive is available.
Package pdftexcmds Info: \pdf@ifprimitive is available.
Package pdftexcmds Info: \pdfdraftmode found.
)
(c:/texlive/2021/texmf-dist/tex/generic/kvdefinekeys/kvdefinekeys.sty
Package: kvdefinekeys 2019-12-19 v1.6 Define keys (HO)
)
(c:/texlive/2021/texmf-dist/tex/generic/pdfescape/pdfescape.sty
Package: pdfescape 2019/12/09 v1.15 Implements pdfTeX's escape features (HO)
)
(c:/texlive/2021/texmf-dist/tex/latex/hycolor/hycolor.sty
Package: hycolor 2020-01-27 v1.10 Color options for hyperref/bookmark (HO)
)
(c:/texlive/2021/texmf-dist/tex/latex/letltxmacro/letltxmacro.sty
Package: letltxmacro 2019/12/03 v1.6 Let assignment for LaTeX macros (HO)
)
(c:/texlive/2021/texmf-dist/tex/latex/auxhook/auxhook.sty
Package: auxhook 2019-12-17 v1.6 Hooks for auxiliary files (HO)
)
\@linkdim=\dimen189
\Hy@linkcounter=\count289
\Hy@pagecounter=\count290

(c:/texlive/2021/texmf-dist/tex/latex/hyperref/pd1enc.def
File: pd1enc.def 2021-06-07 v7.00m Hyperref: PDFDocEncoding definition (HO)
Now handling font encoding PD1 ...
... no UTF-8 mapping file for font encoding PD1
)
(c:/texlive/2021/texmf-dist/tex/latex/hyperref/hyperref-langpatches.def
File: hyperref-langpatches.def 2021-06-07 v7.00m Hyperref: patches for babel la
nguages
)
(c:/texlive/2021/texmf-dist/tex/generic/intcalc/intcalc.sty
Package: intcalc 2019/12/15 v1.3 Expandable calculations with integers (HO)
)
(c:/texlive/2021/texmf-dist/tex/generic/etexcmds/etexcmds.sty
Package: etexcmds 2019/12/15 v1.7 Avoid name clashes with e-TeX commands (HO)
)
\Hy@SavedSpaceFactor=\count291

(c:/texlive/2021/texmf-dist/tex/latex/hyperref/puenc.def
File: puenc.def 2021-06-07 v7.00m Hyperref: PDF Unicode definition (HO)
Now handling font encoding PU ...
... no UTF-8 mapping file for font encoding PU
)
Package hyperref Info: Option `unicode' set `true' on input line 4073.
Package hyperref Info: Option `colorlinks' set `true' on input line 4073.
Package hyperref Info: Option `breaklinks' set `true' on input line 4073.
Package hyperref Info: Hyper figures OFF on input line 4192.
Package hyperref Info: Link nesting OFF on input line 4197.
Package hyperref Info: Hyper index ON on input line 4200.
Package hyperref Info: Plain pages OFF on input line 4207.
Package hyperref Info: Backreferencing OFF on input line 4212.
Package hyperref Info: Implicit mode ON; LaTeX internals redefined.
Package hyperref Info: Bookmarks ON on input line 4445.
\c@Hy@tempcnt=\count292

(c:/texlive/2021/texmf-dist/tex/latex/url/url.sty
\Urlmuskip=\muskip17
Package: url 2013/09/16  ver 3.4  Verb mode for urls, etc.
)
LaTeX Info: Redefining \url on input line 4804.
\XeTeXLinkMargin=\dimen190

(c:/texlive/2021/texmf-dist/tex/generic/bitset/bitset.sty
Package: bitset 2019/12/09 v1.3 Handle bit-vector datatype (HO)

(c:/texlive/2021/texmf-dist/tex/generic/bigintcalc/bigintcalc.sty
Package: bigintcalc 2019/12/15 v1.5 Expandable calculations on big integers (HO
)
))
\Fld@menulength=\count293
\Field@Width=\dimen191
\Fld@charsize=\dimen192
Package hyperref Info: Hyper figures OFF on input line 6076.
Package hyperref Info: Link nesting OFF on input line 6081.
Package hyperref Info: Hyper index ON on input line 6084.
Package hyperref Info: backreferencing OFF on input line 6091.
Package hyperref Info: Link coloring ON on input line 6094.
Package hyperref Info: Link coloring with OCG OFF on input line 6101.
Package hyperref Info: PDF/A mode OFF on input line 6106.
LaTeX Info: Redefining \ref on input line 6146.
LaTeX Info: Redefining \pageref on input line 6150.

(c:/texlive/2021/texmf-dist/tex/latex/base/atbegshi-ltx.sty
Package: atbegshi-ltx 2021/01/10 v1.0c Emulation of the original atbegshi
package with kernel methods
)
\Hy@abspage=\count294
\c@Item=\count295
\c@Hfootnote=\count296
)
Package hyperref Info: Driver (autodetected): hpdftex.

(c:/texlive/2021/texmf-dist/tex/latex/hyperref/hpdftex.def
File: hpdftex.def 2021-06-07 v7.00m Hyperref driver for pdfTeX

(c:/texlive/2021/texmf-dist/tex/latex/base/atveryend-ltx.sty
Package: atveryend-ltx 2020/08/19 v1.0a Emulation of the original atvery packag
e
with kernel methods
)
\Fld@listcount=\count297
\c@bookmark@seq@number=\count298

(c:/texlive/2021/texmf-dist/tex/latex/rerunfilecheck/rerunfilecheck.sty
Package: rerunfilecheck 2019/12/05 v1.9 Rerun checks for auxiliary files (HO)

(c:/texlive/2021/texmf-dist/tex/generic/uniquecounter/uniquecounter.sty
Package: uniquecounter 2019/12/15 v1.4 Provide unlimited unique counter (HO)
)
Package uniquecounter Info: New unique counter `rerunfilecheck' on input line 2
86.
)
\Hy@SectionHShift=\skip80
)
(c:/texlive/2021/texmf-dist/tex/latex/oberdiek/hypcap.sty
Package: hypcap 2016/05/16 v1.12 Adjusting the anchors of captions (HO)
)
(./sphinxmessages.sty
Package: sphinxmessages 2019/01/04 v2.0 Localized LaTeX macros (Sphinx team)
)
\nbsphinxpromptbox=\box70
\nbsphinxcodecellspacing=\skip81
\nbsphinxbox=\box71
\nbsphinx@image@maxheight=\dimen193
\@indexfile=\write4
\openout4 = `implementationofareal-timesemanticretrievalsystem.idx'.


Writing index file implementationofareal-timesemanticretrievalsystem.idx
LaTeX Font Info:    Trying to load font information for T1+ptm on input line 22
4.
(c:/texlive/2021/texmf-dist/tex/latex/psnfss/t1ptm.fd
File: t1ptm.fd 2001/06/04 font definitions for T1/ptm.
)
(c:/texlive/2021/texmf-dist/tex/latex/l3backend/l3backend-pdftex.def
File: l3backend-pdftex.def 2021-05-07 L3 backend support: PDF output (pdfTeX)
\l__color_backend_stack_int=\count299
\l__pdf_internal_box=\box72
)
(./implementationofareal-timesemanticretrievalsystem.aux)
\openout1 = `implementationofareal-timesemanticretrievalsystem.aux'.

LaTeX Font Info:    Checking defaults for OML/cmm/m/it on input line 224.
LaTeX Font Info:    ... okay on input line 224.
LaTeX Font Info:    Checking defaults for OMS/cmsy/m/n on input line 224.
LaTeX Font Info:    ... okay on input line 224.
LaTeX Font Info:    Checking defaults for OT1/cmr/m/n on input line 224.
LaTeX Font Info:    ... okay on input line 224.
LaTeX Font Info:    Checking defaults for T1/cmr/m/n on input line 224.
LaTeX Font Info:    ... okay on input line 224.
LaTeX Font Info:    Checking defaults for TS1/cmr/m/n on input line 224.
LaTeX Font Info:    ... okay on input line 224.
LaTeX Font Info:    Checking defaults for OMX/cmex/m/n on input line 224.
LaTeX Font Info:    ... okay on input line 224.
LaTeX Font Info:    Checking defaults for U/cmr/m/n on input line 224.
LaTeX Font Info:    ... okay on input line 224.
LaTeX Font Info:    Checking defaults for PD1/pdf/m/n on input line 224.
LaTeX Font Info:    ... okay on input line 224.
LaTeX Font Info:    Checking defaults for PU/pdf/m/n on input line 224.
LaTeX Font Info:    ... okay on input line 224.

(c:/texlive/2021/texmf-dist/tex/context/base/mkii/supp-pdf.mkii
[Loading MPS to PDF converter (version 2006.09.02).]
\scratchcounter=\count300
\scratchdimen=\dimen194
\scratchbox=\box73
\nofMPsegments=\count301
\nofMParguments=\count302
\everyMPshowfont=\toks31
\MPscratchCnt=\count303
\MPscratchDim=\dimen195
\MPnumerator=\count304
\makeMPintoPDFobject=\count305
\everyMPtoPDFconversion=\toks32
) (c:/texlive/2021/texmf-dist/tex/latex/epstopdf-pkg/epstopdf-base.sty
Package: epstopdf-base 2020-01-24 v2.11 Base part for package epstopdf
Package epstopdf-base Info: Redefining graphics rule for `.eps' on input line 4
85.

(c:/texlive/2021/texmf-dist/tex/latex/latexconfig/epstopdf-sys.cfg
File: epstopdf-sys.cfg 2010/07/13 v1.3 Configuration of (r)epstopdf for TeX Liv
e
))
*geometry* driver: auto-detecting
*geometry* detected driver: pdftex
*geometry* verbose mode - [ preamble ] result:
* driver: pdftex
* paper: letterpaper
* layout: <same size as paper>
* layoutoffset:(h,v)=(0.0pt,0.0pt)
* modes: twoside 
* h-part:(L,W,R)=(72.26999pt, 469.75502pt, 72.26999pt)
* v-part:(T,H,B)=(72.26999pt, 650.43001pt, 72.26999pt)
* \paperwidth=614.295pt
* \paperheight=794.96999pt
* \textwidth=469.75502pt
* \textheight=650.43001pt
* \oddsidemargin=0.0pt
* \evensidemargin=0.0pt
* \topmargin=-37.0pt
* \headheight=12.0pt
* \headsep=25.0pt
* \topskip=10.0pt
* \footskip=30.0pt
* \marginparwidth=36.135pt
* \marginparsep=11.0pt
* \columnsep=10.0pt
* \skip\footins=9.0pt plus 4.0pt minus 2.0pt
* \hoffset=0.0pt
* \voffset=0.0pt
* \mag=1000
* \@twocolumnfalse
* \@twosidetrue
* \@mparswitchtrue
* \@reversemarginfalse
* (1in=72.27pt=25.4mm, 1cm=28.453pt)

Package hyperref Info: Link coloring ON on input line 224.
(c:/texlive/2021/texmf-dist/tex/latex/hyperref/nameref.sty
Package: nameref 2021-04-02 v2.47 Cross-referencing by name of section

(c:/texlive/2021/texmf-dist/tex/latex/refcount/refcount.sty
Package: refcount 2019/12/15 v3.6 Data extraction from label references (HO)
)
(c:/texlive/2021/texmf-dist/tex/generic/gettitlestring/gettitlestring.sty
Package: gettitlestring 2019/12/15 v1.6 Cleanup title references (HO)
)
\c@section@level=\count306
)
LaTeX Info: Redefining \ref on input line 224.
LaTeX Info: Redefining \pageref on input line 224.
LaTeX Info: Redefining \nameref on input line 224.

(./implementationofareal-timesemanticretrievalsystem.out)
(./implementationofareal-timesemanticretrievalsystem.out)
\@outlinefile=\write5
\openout5 = `implementationofareal-timesemanticretrievalsystem.out'.

Package hyperref Info: Option `pageanchor' set `false' on input line 227.


Package hyperref Warning: Token not allowed in a PDF string (Unicode):
(hyperref)                removing `\spacefactor' on input line 227.


Package hyperref Warning: Token not allowed in a PDF string (Unicode):
(hyperref)                removing `\@m' on input line 227.

LaTeX Font Info:    Trying to load font information for T1+phv on input line 22
7.
(c:/texlive/2021/texmf-dist/tex/latex/psnfss/t1phv.fd
File: t1phv.fd 2020/03/25 scalable font definitions for T1/phv.
)
LaTeX Font Info:    Font shape `T1/phv/b/it' in size <10> not available
(Font)              Font shape `T1/phv/b/sl' tried instead on input line 227.
LaTeX Font Info:    Font shape `T1/phv/b/it' in size <17.28> not available
(Font)              Font shape `T1/phv/b/sl' tried instead on input line 227.
<<ot1.cmap>><<oml.cmap>><<oms.cmap>><<omx.cmap>>
LaTeX Font Info:    Trying to load font information for U+msa on input line 227
.
 (c:/texlive/2021/texmf-dist/tex/latex/amsfonts/umsa.fd
File: umsa.fd 2013/01/14 v3.01 AMS symbols A
)
LaTeX Font Info:    Trying to load font information for U+msb on input line 227
.
(c:/texlive/2021/texmf-dist/tex/latex/amsfonts/umsb.fd
File: umsb.fd 2013/01/14 v3.01 AMS symbols B
) [1

{c:/texlive/2021/texmf-var/fonts/map/pdftex/updmap/pdftex.map}] [2


]
(./implementationofareal-timesemanticretrievalsystem.toc
LaTeX Font Info:    Trying to load font information for T1+pcr on input line 2.


(c:/texlive/2021/texmf-dist/tex/latex/psnfss/t1pcr.fd
File: t1pcr.fd 2001/06/04 font definitions for T1/pcr.
)
Underfull \hbox (badness 10000) in paragraph at lines 8--8
 [][] [][][]\T1/ptm/m/n/10 Speedup-recall trade-off de-pend-ing on the num-ber 
of trees used in AN- 
 []


Underfull \hbox (badness 10000) in paragraph at lines 9--9
 [][] [][][]\T1/ptm/m/n/10 Evaluate text sum-ma-riza-tion us-ing dif-fer-ent va
l-ues of \T1/ptm/m/it/10 k \T1/ptm/m/n/10 top sen-tences 
 []

)
\tf@toc=\write6
\openout6 = `implementationofareal-timesemanticretrievalsystem.toc'.

 [1

] [2

] [1] [2

]
Chapter 1.
LaTeX Font Info:    Trying to load font information for TS1+ptm on input line 2
53.
(c:/texlive/2021/texmf-dist/tex/latex/psnfss/ts1ptm.fd
File: ts1ptm.fd 2001/06/04 font definitions for TS1/ptm.
)
Underfull \hbox (badness 10000) in paragraph at lines 253--253
[]\T1/ptm/m/it/10 corpus: pan-das.core.frame.DataFrame\T1/ptm/m/n/10 ,
 []


Underfull \hbox (badness 10000) in paragraph at lines 253--253
\T1/ptm/m/it/10 em-bed-dings_cache_path: str = None\T1/ptm/m/n/10 ,
 []


Underfull \hbox (badness 10000) in paragraph at lines 253--253
\T1/ptm/m/it/10 en-cod-ing_strategy=\TS1/ptm/m/it/10 '\T1/ptm/m/it/10 title_ove
rview\TS1/ptm/m/it/10 '\T1/ptm/m/n/10 ,
 []


Underfull \hbox (badness 10000) in paragraph at lines 253--253
\T1/ptm/m/it/10 pretrained_model=\TS1/ptm/m/it/10 '\T1/ptm/m/it/10 paraphrase-d
istilroberta-
 []


Underfull \hbox (badness 10000) in paragraph at lines 253--253
\T1/ptm/m/it/10 base-v2\TS1/ptm/m/it/10 '\T1/ptm/m/n/10 , \T1/ptm/m/it/10 model
_max_seq_length=512\T1/ptm/m/n/10 , \T1/ptm/m/it/10 pre-
 []


Underfull \hbox (badness 10000) in paragraph at lines 253--253
\T1/ptm/m/it/10 trained_crossencoder: str = None\T1/ptm/m/n/10 , \T1/ptm/m/it/1
0 an-
 []


Underfull \hbox (badness 10000) in paragraph at lines 253--253
\T1/ptm/m/it/10 noy_index_cache_path: str = None\T1/ptm/m/n/10 , \T1/ptm/m/it/1
0 an-
 []


Underfull \hbox (badness 10000) in paragraph at lines 260--260
[]\T1/ptm/m/it/10 corpus: pan-das.core.frame.DataFrame\T1/ptm/m/n/10 , \T1/ptm/
m/it/10 em-bed-dings_cache_path: str = None\T1/ptm/m/n/10 ,
 []


Underfull \hbox (badness 10000) in paragraph at lines 260--260
\T1/ptm/m/it/10 en-cod-ing_strategy=\TS1/ptm/m/it/10 '\T1/ptm/m/it/10 title_ove
rview\TS1/ptm/m/it/10 '\T1/ptm/m/n/10 , \T1/ptm/m/it/10 pretrained_model=\TS1/p
tm/m/it/10 '\T1/ptm/m/it/10 paraphrase-distilroberta-
 []

LaTeX Font Info:    Font shape `T1/pcr/m/it' in size <10> not available
(Font)              Font shape `T1/pcr/m/sl' tried instead on input line 269.
[3] [4]
Underfull \hbox (badness 10000) in paragraph at lines 438--440
[]\T1/ptm/m/n/10 to \T1/ptm/m/it/10 search \T1/ptm/m/n/10 and
 []

[5] [6

]
Chapter 2.

Underfull \hbox (badness 10000) in paragraph at lines 522--522
\T1/ptm/m/it/10 str = None\T1/ptm/m/n/10 , \T1/ptm/m/it/10 en-cod-ing_strategy=
\TS1/ptm/m/it/10 '\T1/ptm/m/it/10 title_overview\TS1/ptm/m/it/10 '\T1/ptm/m/n/1
0 , \T1/ptm/m/it/10 pre-
 []


Underfull \hbox (badness 10000) in paragraph at lines 522--522
\T1/ptm/m/it/10 str = None\T1/ptm/m/n/10 , \T1/ptm/m/it/10 bi-en-coder_max_seq_
length=512\T1/ptm/m/n/10 , \T1/ptm/m/it/10 pre-
 []

[7]
LaTeX Font Info:    Trying to load font information for TS1+pcr on input line 1
.
 (c:/texlive/2021/texmf-dist/tex/latex/psnfss/ts1pcr.fd
File: ts1pcr.fd 2001/06/04 font definitions for TS1/pcr.
)
LaTeX Font Info:    Font shape `TS1/pcr/m/it' in size <10> not available
(Font)              Font shape `TS1/pcr/m/sl' tried instead on input line 1.

Underfull \hbox (badness 10000) in paragraph at lines 646--647
[]\T1/pcr/b/n/10 reranking_strategy \T1/ptm/m/n/10 (\T1/pcr/m/sl/10 Literal[\TS
1/pcr/m/sl/10 '\T1/pcr/m/sl/10 crossencoder\TS1/pcr/m/sl/10 '\T1/pcr/m/sl/10 , 
\TS1/pcr/m/sl/10 '\T1/pcr/m/sl/10 biencoder\TS1/pcr/m/sl/10 '\T1/pcr/m/sl/10 ],

 []


Underfull \hbox (badness 10000) in paragraph at lines 683--683
[]\T1/ptm/m/it/10 pretrained_biencoder=\TS1/ptm/m/it/10 '\T1/ptm/m/it/10 paraph
rase-distilroberta-base-v2\TS1/ptm/m/it/10 '\T1/ptm/m/n/10 ,
 []

[8] [9] [10

]
Chapter 3.

Underfull \hbox (badness 10000) in paragraph at lines 739--739
\T1/ptm/m/it/10 df_data: pan-das.core.frame.DataFrame\T1/ptm/m/n/10 ,
 []


Underfull \hbox (badness 10000) in paragraph at lines 778--778
[]\T1/ptm/m/it/10 title: str\T1/ptm/m/n/10 , \T1/ptm/m/it/10 re-move_quotation_
marks=True\T1/ptm/m/n/10 , \T1/ptm/m/it/10 re-
 []

[11]
Underfull \hbox (badness 10000) in paragraph at lines 902--902
[]\T1/ptm/m/it/10 base_dir\T1/ptm/m/n/10 ,
 []


Underfull \hbox (badness 10000) in paragraph at lines 902--902
\T1/ptm/m/it/10 path_standard_format=False\T1/ptm/m/n/10 ,
 []

[12]
Underfull \hbox (badness 10000) in paragraph at lines 974--974
[]\T1/ptm/m/it/10 crossencoder=\TS1/ptm/m/it/10 '\T1/ptm/m/it/10 cross-encoder/
stsb-distilroberta-base\TS1/ptm/m/it/10 '\T1/ptm/m/n/10 ,
 []


Package textcomp Warning: Symbol \textasciigrave not provided by
(textcomp)                font family ptm in TS1 encoding.
(textcomp)                Default family used instead on input line 1023.


Package textcomp Warning: Symbol \textasciigrave not provided by
(textcomp)                font family ptm in TS1 encoding.
(textcomp)                Default family used instead on input line 1023.


Underfull \hbox (badness 10000) in paragraph at lines 1041--1041
[]\T1/ptm/m/it/10 transformer=\TS1/ptm/m/it/10 '\T1/ptm/m/it/10 paraphrase-dist
ilroberta-base-
 []

[13]
Underfull \hbox (badness 10000) in paragraph at lines 1095--1095
[]\T1/ptm/m/it/10 document: str\T1/ptm/m/n/10 , \T1/ptm/m/it/10 k=5\T1/ptm/m/n/
10 , \T1/ptm/m/it/10 em-bed-der=None\T1/ptm/m/n/10 ,
 []

[14]
Underfull \hbox (badness 10000) in paragraph at lines 1210--1210
[]\T1/ptm/m/it/10 encoding_strategy: str\T1/ptm/m/n/10 , \T1/ptm/m/it/10 cor-pu
s:
 []


Underfull \hbox (badness 10000) in paragraph at lines 1210--1210
\T1/ptm/m/it/10 pan-das.core.frame.DataFrame\T1/ptm/m/n/10 , \T1/ptm/m/it/10 re
-
 []


Underfull \hbox (badness 10000) in paragraph at lines 1234--1234
[]\T1/ptm/m/it/10 out_filename: str\T1/ptm/m/n/10 ,
 []


Overfull \hbox (6.57344pt too wide) in paragraph at lines 1279--1279
[]\T1/ptm/m/it/10 text\T1/ptm/m/n/10 , \T1/ptm/m/it/10 spacy_model=\TS1/ptm/m/i
t/10 '\T1/ptm/m/it/10 en_core_web_sm\TS1/ptm/m/it/10 '\T1/pcr/m/n/10 ) 
 []

[15] [16]
Underfull \hbox (badness 10000) in paragraph at lines 1403--1403
\T1/ptm/m/it/10 int\T1/ptm/m/n/10 , \T1/ptm/m/it/10 re-duc-tion_strategy=\TS1/p
tm/m/it/10 '\T1/ptm/m/it/10 pca\TS1/ptm/m/it/10 '\T1/ptm/m/n/10 ,
 []


Underfull \hbox (badness 10000) in paragraph at lines 1403--1403
\T1/ptm/m/it/10 ran-dom_state=None\T1/ptm/m/n/10 ,
 []


Underfull \hbox (badness 10000) in paragraph at lines 1403--1403
\T1/ptm/m/it/10 _tsne_perplexity=5\T1/ptm/m/n/10 ,
 []


Underfull \hbox (badness 10000) in paragraph at lines 1403--1403
\T1/ptm/m/it/10 _tsne_learning_rate=10\T1/ptm/m/n/10 ,
 []


Underfull \hbox (badness 10000) in paragraph at lines 1458--1458
[]\T1/ptm/m/it/10 word_embeddings\T1/ptm/m/n/10 ,
 []


Underfull \hbox (badness 10000) in paragraph at lines 1458--1458
\T1/ptm/m/it/10 color_text=None\T1/ptm/m/n/10 , \T1/ptm/m/it/10 ran-
 []


Underfull \hbox (badness 10000) in paragraph at lines 1458--1458
\T1/ptm/m/it/10 dom_state=None\T1/ptm/m/n/10 , \T1/ptm/m/it/10 re-
 []


Underfull \hbox (badness 10000) in paragraph at lines 1458--1458
\T1/ptm/m/it/10 duc-tion_strategy=\TS1/ptm/m/it/10 '\T1/ptm/m/it/10 pca\TS1/ptm
/m/it/10 '\T1/ptm/m/n/10 ,
 []


Underfull \hbox (badness 10000) in paragraph at lines 1458--1458
\T1/ptm/m/it/10 _graph_showlegend=True\T1/ptm/m/n/10 ,
 []


Underfull \hbox (badness 10000) in paragraph at lines 1458--1458
\T1/ptm/m/it/10 tsne_params={}\T1/ptm/m/n/10 , \T1/ptm/m/it/10 **scat-
 []

[17]
Underfull \hbox (badness 10000) in paragraph at lines 1495--1495
[]\T1/ptm/m/it/10 word_embeddings\T1/ptm/m/n/10 ,
 []


Underfull \hbox (badness 10000) in paragraph at lines 1495--1495
\T1/ptm/m/it/10 color_text: str = None\T1/ptm/m/n/10 ,
 []


Underfull \hbox (badness 10000) in paragraph at lines 1495--1495
\T1/ptm/m/it/10 ran-dom_state=None\T1/ptm/m/n/10 , \T1/ptm/m/it/10 re-
 []


Underfull \hbox (badness 10000) in paragraph at lines 1495--1495
\T1/ptm/m/it/10 duc-tion_strategy=\TS1/ptm/m/it/10 '\T1/ptm/m/it/10 pca\TS1/ptm
/m/it/10 '\T1/ptm/m/n/10 ,
 []


Underfull \hbox (badness 10000) in paragraph at lines 1495--1495
\T1/ptm/m/it/10 _graph_showlegend=True\T1/ptm/m/n/10 ,
 []


Underfull \hbox (badness 10000) in paragraph at lines 1495--1495
\T1/ptm/m/it/10 tsne_params={}\T1/ptm/m/n/10 , \T1/ptm/m/it/10 **scat-
 []


Underfull \hbox (badness 10000) in paragraph at lines 1547--1547
\T1/ptm/m/it/10 play_option=\TS1/ptm/m/it/10 '\T1/ptm/m/it/10 3d\TS1/ptm/m/it/1
0 '\T1/ptm/m/n/10 , \T1/ptm/m/it/10 re-duc-tion_strategy=\TS1/ptm/m/it/10 '\T1/
ptm/m/it/10 pca\TS1/ptm/m/it/10 '\T1/ptm/m/n/10 ,
 []

[18]
Underfull \hbox (badness 10000) in paragraph at lines 1610--1610
[]\T1/ptm/m/it/10 model\T1/ptm/m/n/10 , \T1/ptm/m/it/10 to-k-enizer\T1/ptm/m/n/
10 , \T1/ptm/m/it/10 data: pan-
 []


Underfull \hbox (badness 10000) in paragraph at lines 1610--1610
\T1/ptm/m/it/10 das.core.frame.DataFrame\T1/ptm/m/n/10 , \T1/ptm/m/it/10 pol-y-
se-
 []


Underfull \hbox (badness 6477) in paragraph at lines 1610--1610
\T1/ptm/m/it/10 mous_word: str\T1/ptm/m/n/10 , \T1/ptm/m/it/10 color_continuous
_scale:
 []


Underfull \hbox (badness 10000) in paragraph at lines 1654--1654
[]\T1/ptm/m/it/10 model\T1/ptm/m/n/10 , \T1/ptm/m/it/10 vo-cab: dict\T1/ptm/m/n
/10 ,
 []


Underfull \hbox (badness 10000) in paragraph at lines 1654--1654
\T1/ptm/m/it/10 out_dir=\TS1/ptm/m/it/10 '\T1/ptm/m/it/10 runs/bert_embeddings\
TS1/ptm/m/it/10 '\T1/ptm/m/n/10 ,
 []


Underfull \hbox (badness 10000) in paragraph at lines 1654--1654
\T1/ptm/m/it/10 write_word_embeddings=True\T1/ptm/m/n/10 ,
 []


Underfull \hbox (badness 10000) in paragraph at lines 1654--1654
\T1/ptm/m/it/10 write_position_embeddings=False\T1/ptm/m/n/10 ,
 []

[19] [20]
Chapter 4.
LaTeX Font Info:    Font shape `T1/phv/b/it' in size <14.4> not available
(Font)              Font shape `T1/phv/b/sl' tried instead on input line 1730.

Overfull \hbox (14.53416pt too wide) in paragraph at lines 1739--1739
[]\T1/ptm/m/it/10 corpus_overviews:
 []


Underfull \hbox (badness 10000) in paragraph at lines 1739--1739
\T1/ptm/m/it/10 list\T1/ptm/m/n/10 , \T1/ptm/m/it/10 can-di-
 []


Underfull \hbox (badness 10000) in paragraph at lines 1739--1739
\T1/ptm/m/it/10 dates\T1/ptm/m/n/10 , \T1/ptm/m/it/10 em-
 []


Underfull \hbox (badness 10000) in paragraph at lines 1739--1739
\T1/ptm/m/it/10 bed-der=None\T1/ptm/m/n/10 ,
 []


Overfull \hbox (21.81445pt too wide) in paragraph at lines 1739--1739
\T1/ptm/m/it/10 spacy_model=None\T1/ptm/m/n/10 ,
 []


Underfull \hbox (badness 10000) in paragraph at lines 1739--1739
\T1/ptm/m/it/10 to-k-
 []


Underfull \hbox (badness 10000) in paragraph at lines 1739--1739
\T1/ptm/m/it/10 enizer=None\T1/ptm/m/n/10 ,
 []

[21

] [22]
Chapter 5.
LaTeX Font Info:    Font shape `T1/pcr/m/it' in size <9> not available
(Font)              Font shape `T1/pcr/m/sl' tried instead on input line 1813.
[23

] [24] [25] [26] [27] [28]
Chapter 6.
[29

] [30] [31]
Underfull \hbox (badness 10000) in paragraph at lines 2497--2498
[]\T1/pcr/m/n/10 ratings_count \T1/ptm/m/n/10 in-di-cates the num-ber of reg-is
-tered rat-ings for a book. Anal-o-gously,
 []

[32] [33] [34] [35] [36]

LaTeX Warning: Command \textordmasculine invalid in math mode on input line 287
6.


LaTeX Warning: Command \textordmasculine invalid in math mode on input line 287
6.

Missing character: There is no º in font cmr10!
[37] [38] [39] [40

]
Chapter 7.
[41] [42

] [43


] (./implementationofareal-timesemanticretrievalsystem.ind
[44


]
Underfull \hbox (badness 10000) in paragraph at lines 9--10
[]\T1/pcr/m/n/10 __init__() \T1/ptm/m/n/10 (\T1/ptm/m/it/10 se-man-tic_search.S
emanticSearch
 []


Underfull \hbox (badness 10000) in paragraph at lines 13--14
[]\T1/pcr/m/n/10 annoy_index() \T1/ptm/m/n/10 (\T1/ptm/m/it/10 se-man-tic_searc
h.SemanticSearch
 []


Underfull \hbox (badness 10000) in paragraph at lines 14--16
[]\T1/pcr/m/n/10 append_overviews_to_data() \T1/ptm/m/n/10 (\T1/ptm/m/it/10 in 
mod-ule
 []


Underfull \hbox (badness 10000) in paragraph at lines 34--35
[]\T1/pcr/m/n/10 crossencoder() \T1/ptm/m/n/10 (\T1/ptm/m/it/10 se-man-tic_sear
ch.SemanticSearch
 []


Underfull \hbox (badness 7291) in paragraph at lines 38--40
[]\T1/pcr/m/n/10 display_embeddings_scatterplot_2D() \T1/ptm/m/n/10 (\T1/ptm/m/
it/10 in
 []


Underfull \hbox (badness 7291) in paragraph at lines 40--42
[]\T1/pcr/m/n/10 display_embeddings_scatterplot_3D() \T1/ptm/m/n/10 (\T1/ptm/m/
it/10 in
 []


Underfull \hbox (badness 10000) in paragraph at lines 45--47
[]\T1/pcr/m/n/10 evaluate_n_trees() \T1/ptm/m/n/10 (\T1/ptm/m/it/10 in mod-ule 
ex-per-i-
 []


Underfull \hbox (badness 7291) in paragraph at lines 47--49
[]\T1/pcr/m/n/10 evaluate_summarization_candidates() \T1/ptm/m/n/10 (\T1/ptm/m/
it/10 in
 []


Underfull \hbox (badness 10000) in paragraph at lines 60--62
[]\T1/pcr/m/n/10 generate_dataframe_from_sparse_txts()
 []


Underfull \hbox (badness 10000) in paragraph at lines 63--64
[]\T1/pcr/m/n/10 get_bert_tokenizer() \T1/ptm/m/n/10 (\T1/ptm/m/it/10 in mod-ul
e
 []


Underfull \hbox (badness 10000) in paragraph at lines 65--66
[]\T1/pcr/m/n/10 get_dir_files_content() \T1/ptm/m/n/10 (\T1/ptm/m/it/10 in mod
-ule
 []


Underfull \hbox (badness 10000) in paragraph at lines 66--68
[]\T1/pcr/m/n/10 get_file_id_and_content() \T1/ptm/m/n/10 (\T1/ptm/m/it/10 in m
od-ule
 []


Underfull \hbox (badness 10000) in paragraph at lines 68--70
[]\T1/pcr/m/n/10 get_sentence_transformer() \T1/ptm/m/n/10 (\T1/ptm/m/it/10 in 
mod-ule
 []


Underfull \hbox (badness 10000) in paragraph at lines 70--71
[]\T1/pcr/m/n/10 get_tokenized_text() \T1/ptm/m/n/10 (\T1/ptm/m/it/10 in mod-ul
e
 []


Underfull \hbox (badness 10000) in paragraph at lines 71--72
[]\T1/pcr/m/n/10 get_top_k_sentences() \T1/ptm/m/n/10 (\T1/ptm/m/it/10 in mod-u
le
 []


Underfull \hbox (badness 10000) in paragraph at lines 75--77
[]\T1/pcr/m/n/10 histogram_embeddings_nn() \T1/ptm/m/n/10 (\T1/ptm/m/it/10 in m
od-ule
 []

[45

]
Underfull \hbox (badness 10000) in paragraph at lines 98--100
[]\T1/pcr/m/n/10 plot_bert_embeddings_nn() \T1/ptm/m/n/10 (\T1/ptm/m/it/10 in m
od-ule
 []


Underfull \hbox (badness 10000) in paragraph at lines 101--103
[]\T1/pcr/m/n/10 plot_heatmap_embeddings() \T1/ptm/m/n/10 (\T1/ptm/m/it/10 in m
od-ule
 []


Underfull \hbox (badness 10000) in paragraph at lines 105--106
[]\T1/pcr/m/n/10 prepare_input_encoder() \T1/ptm/m/n/10 (\T1/ptm/m/it/10 in mod
-ule
 []


Underfull \hbox (badness 10000) in paragraph at lines 109--111
[]\T1/pcr/m/n/10 remove_filename_from_path() \T1/ptm/m/n/10 (\T1/ptm/m/it/10 in
 mod-ule
 []


Underfull \hbox (badness 10000) in paragraph at lines 116--117
[]\T1/pcr/m/n/10 search_multiple() \T1/ptm/m/n/10 (\T1/ptm/m/it/10 lex-i-cal_se
arch.TfIdfSearch
 []


Underfull \hbox (badness 10000) in paragraph at lines 117--119
[]\T1/pcr/m/n/10 search_multiple() \T1/ptm/m/n/10 (\T1/ptm/m/it/10 se-man-
 []


Underfull \hbox (badness 10000) in paragraph at lines 122--123
[]\T1/pcr/m/n/10 setup_annoy() \T1/ptm/m/n/10 (\T1/ptm/m/it/10 se-man-tic_searc
h.SemanticSearch
 []


Underfull \hbox (badness 10000) in paragraph at lines 123--124
[]\T1/pcr/m/n/10 setup_biencoder() \T1/ptm/m/n/10 (\T1/ptm/m/it/10 lex-i-cal_se
arch.TfIdfSearch
 []


Underfull \hbox (badness 10000) in paragraph at lines 124--126
[]\T1/pcr/m/n/10 setup_crossencoder() \T1/ptm/m/n/10 (\T1/ptm/m/it/10 lex-i-
 []


Underfull \hbox (badness 10000) in paragraph at lines 126--128
[]\T1/pcr/m/n/10 setup_crossencoder() \T1/ptm/m/n/10 (\T1/ptm/m/it/10 se-man-
 []


Underfull \hbox (badness 10000) in paragraph at lines 130--132
[]\T1/pcr/m/n/10 split_text_into_sentences_spacy() \T1/ptm/m/n/10 (\T1/ptm/m/it
/10 in
 []


Underfull \hbox (badness 10000) in paragraph at lines 133--135
[]\T1/pcr/m/n/10 summarize_corpus_overviews() \T1/ptm/m/n/10 (\T1/ptm/m/it/10 i
n mod-ule
 []


Underfull \hbox (badness 10000) in paragraph at lines 138--140
[]\T1/pcr/m/n/10 test_annoy_performance() \T1/ptm/m/n/10 (\T1/ptm/m/it/10 se-ma
n-
 []


Underfull \hbox (badness 10000) in paragraph at lines 145--147
[]\T1/pcr/m/n/10 write_embeddings_to_disk() \T1/ptm/m/n/10 (\T1/ptm/m/it/10 in 
mod-ule
 []

[46]) (./implementationofareal-timesemanticretrievalsystem.aux)
Package rerunfilecheck Info: File `implementationofareal-timesemanticretrievals
ystem.out' has not changed.
(rerunfilecheck)             Checksum: 14C990AC92C3E67DE5D8F5B01CD449A1;5738.
 ) 
Here is how much of TeX's memory you used:
 13681 strings out of 478536
 200583 string characters out of 5854227
 783018 words of memory out of 5000000
 31147 multiletter control sequences out of 15000+600000
 464107 words of font info for 102 fonts, out of 8000000 for 9000
 1142 hyphenation exceptions out of 8191
 72i,12n,80p,1343b,735s stack positions out of 5000i,500n,10000p,200000b,80000s
{c:/texlive/2021/texmf-dist/fonts/enc/dvips/base/8r.enc}{c:/texlive/2021/texm
f-dist/fonts/enc/dvips/cm-super/cm-super-ts1.enc}<c:/texlive/2021/texmf-dist/fo
nts/type1/public/amsfonts/cm/cmmi10.pfb><c:/texlive/2021/texmf-dist/fonts/type1
/public/amsfonts/cm/cmmi5.pfb><c:/texlive/2021/texmf-dist/fonts/type1/public/am
sfonts/cm/cmr10.pfb><c:/texlive/2021/texmf-dist/fonts/type1/public/amsfonts/cm/
cmsy5.pfb><c:/texlive/2021/texmf-dist/fonts/type1/public/cm-super/sfrm1000.pfb>
<c:/texlive/2021/texmf-dist/fonts/type1/urw/courier/ucrb8a.pfb><c:/texlive/2021
/texmf-dist/fonts/type1/urw/courier/ucrr8a.pfb><c:/texlive/2021/texmf-dist/font
s/type1/urw/courier/ucrro8a.pfb><c:/texlive/2021/texmf-dist/fonts/type1/urw/hel
vetic/uhvb8a.pfb><c:/texlive/2021/texmf-dist/fonts/type1/urw/helvetic/uhvbo8a.p
fb><c:/texlive/2021/texmf-dist/fonts/type1/urw/helvetic/uhvr8a.pfb><c:/texlive/
2021/texmf-dist/fonts/type1/urw/times/utmb8a.pfb><c:/texlive/2021/texmf-dist/fo
nts/type1/urw/times/utmbi8a.pfb><c:/texlive/2021/texmf-dist/fonts/type1/urw/tim
es/utmr8a.pfb><c:/texlive/2021/texmf-dist/fonts/type1/urw/times/utmri8a.pfb>
Output written on implementationofareal-timesemanticretrievalsystem.pdf (50 pag
es, 292627 bytes).
PDF statistics:
 584 PDF objects out of 1000 (max. 8388607)
 495 compressed objects within 5 object streams
 128 named destinations out of 1000 (max. 500000)
 213 words of extra memory for PDF output out of 10000 (max. 10000000)

